[05:44:34] [Server thread/INFO]: Starting minecraft server version 1.12.2
[05:44:34] [Server thread/INFO]: Loading properties
[05:44:34] [Server thread/INFO]: Default game type: SURVIVAL
[05:44:34] [Server thread/INFO]: Generating keypair
[05:44:35] [Server thread/INFO]: Starting Minecraft server on *:25565
[05:44:35] [Server thread/INFO]: Using default channel type
[05:44:35] [Server thread/INFO]: Preparing level "world"
[05:44:35] [Server thread/INFO]: Loaded 488 advancements
[05:44:35] [Server thread/INFO]: Preparing start region for level 0
[05:44:36] [Server thread/INFO]: Preparing spawn area: 8%
[05:44:37] [Server thread/INFO]: Preparing spawn area: 16%
[05:44:38] [Server thread/INFO]: Preparing spawn area: 22%
[05:44:39] [Server thread/INFO]: Preparing spawn area: 28%
[05:44:40] [Server thread/INFO]: Preparing spawn area: 31%
[05:44:41] [Server thread/INFO]: Preparing spawn area: 35%
[05:44:42] [Server thread/INFO]: Preparing spawn area: 40%
[05:44:43] [Server thread/INFO]: Preparing spawn area: 46%
[05:44:44] [Server thread/INFO]: Preparing spawn area: 51%
[05:44:46] [Server thread/INFO]: Preparing spawn area: 54%
[05:44:47] [Server thread/INFO]: Preparing spawn area: 60%
[05:44:48] [Server thread/INFO]: Preparing spawn area: 65%
[05:44:49] [Server thread/INFO]: Preparing spawn area: 70%
[05:44:50] [Server thread/INFO]: Preparing spawn area: 75%
[05:44:51] [Server thread/INFO]: Preparing spawn area: 79%
[05:44:52] [Server thread/INFO]: Preparing spawn area: 84%
[05:44:53] [Server thread/INFO]: Preparing spawn area: 89%
[05:44:54] [Server thread/INFO]: Preparing spawn area: 93%
[05:44:55] [Server thread/INFO]: Preparing spawn area: 96%
[05:44:56] [Server thread/INFO]: Done (20.745s)! For help, type "help" or "?"
[05:45:05] [Server thread/INFO]: Stopping server
[05:45:05] [Server Shutdown Thread/INFO]: Stopping server
